15:58:21 DEBUG : Logs will be stored at 'C:/Users/merli/ECE385Final/ECE385Final/ECE385FinalVitus/IDE.log'.
15:58:24 INFO  : Launching XSCT server: xsct.bat -n  -interactive C:\Users\merli\ECE385Final\ECE385Final\ECE385FinalVitus\temp_xsdb_launch_script.tcl
15:58:24 INFO  : Platform repository initialization has completed.
15:58:24 INFO  : Registering command handlers for Vitis TCF services
15:58:26 INFO  : XSCT server has started successfully.
15:58:26 INFO  : Successfully done setting XSCT server connection channel  
15:58:26 INFO  : plnx-install-location is set to ''
15:58:26 INFO  : Successfully done query RDI_DATADIR 
15:58:26 INFO  : Successfully done setting workspace for the tool. 
15:58:59 INFO  : Result from executing command 'getProjects': mb_usb_hdmi_top
15:58:59 INFO  : Result from executing command 'getPlatforms': 
15:58:59 WARN  : An unexpected exception occurred in the module 'platform project logging'
15:58:59 INFO  : Platform 'mb_usb_hdmi_top' is added to custom repositories.
15:59:01 INFO  : Platform 'mb_usb_hdmi_top' is added to custom repositories.
16:02:18 DEBUG : Logs will be stored at 'C:/Users/merli/ECE385Final/ECE385Final/ECE385FinalVitus/IDE.log'.
16:02:18 INFO  : Launching XSCT server: xsct.bat -n  -interactive C:\Users\merli\ECE385Final\ECE385Final\ECE385FinalVitus\temp_xsdb_launch_script.tcl
16:02:20 INFO  : Platform repository initialization has completed.
16:02:21 INFO  : Registering command handlers for Vitis TCF services
16:02:21 INFO  : XSCT server has started successfully.
16:02:22 INFO  : plnx-install-location is set to ''
16:02:22 INFO  : Successfully done setting XSCT server connection channel  
16:02:22 INFO  : Successfully done query RDI_DATADIR 
16:02:22 INFO  : Successfully done setting workspace for the tool. 
16:03:53 DEBUG : Logs will be stored at 'C:/Users/merli/ECE385Final/ECE385Final/ECE385FinalVitus/IDE.log'.
16:03:54 INFO  : Launching XSCT server: xsct.bat -n  -interactive C:\Users\merli\ECE385Final\ECE385Final\ECE385FinalVitus\temp_xsdb_launch_script.tcl
16:03:55 INFO  : Platform repository initialization has completed.
16:03:57 INFO  : Registering command handlers for Vitis TCF services
16:03:57 INFO  : XSCT server has started successfully.
16:03:57 INFO  : Successfully done setting XSCT server connection channel  
16:03:57 INFO  : plnx-install-location is set to ''
16:03:57 INFO  : Successfully done query RDI_DATADIR 
16:03:57 INFO  : Successfully done setting workspace for the tool. 
16:07:34 DEBUG : Logs will be stored at 'C:/Users/merli/ECE385Final/ECE385Final/ECE385FinalVitus/IDE.log'.
16:07:35 INFO  : Launching XSCT server: xsct.bat -n  -interactive C:\Users\merli\ECE385Final\ECE385Final\ECE385FinalVitus\temp_xsdb_launch_script.tcl
16:07:38 INFO  : XSCT server has started successfully.
16:07:38 INFO  : plnx-install-location is set to ''
16:07:38 INFO  : Successfully done setting XSCT server connection channel  
16:07:38 INFO  : Successfully done setting workspace for the tool. 
16:07:38 INFO  : Platform repository initialization has completed.
16:07:38 INFO  : Successfully done query RDI_DATADIR 
16:07:39 INFO  : Registering command handlers for Vitis TCF services
16:07:54 INFO  : Result from executing command 'getProjects': mb_usb_hdmi_top
16:07:54 INFO  : Result from executing command 'getPlatforms': mb_usb_hdmi_top|C:/Users/merli/ECE385Final/ECE385Final/ECE385FinalVitus/mb_usb_hdmi_top/export/mb_usb_hdmi_top/mb_usb_hdmi_top.xpfm
16:07:54 INFO  : Checking for BSP changes to sync application flags for project 'ECE385FinalVitus'...
16:08:25 INFO  : Hardware specification for platform project 'mb_usb_hdmi_top' is updated.
16:08:39 INFO  : Connected to target on host '127.0.0.1' and port '3121'.
16:08:39 INFO  : Jtag cable 'RealDigital Boo 887429230015A' is selected.
16:08:39 INFO  : 'jtag frequency' command is executed.
16:08:39 INFO  : 'targets -set -filter {jtag_cable_name =~ "RealDigital Boo 887429230015A" && level==0 && jtag_device_ctx=="jsn1-0362f093-0"}' command is executed.
16:08:40 INFO  : Device configured successfully with "C:/Users/merli/ECE385Final/ECE385Final/ECE385FinalVitus/ECE385FinalVitus/_ide/bitstream/mb_usb_hdmi_top.bit"
16:08:41 INFO  : Context for processor 'microblaze_0' is selected.
16:08:41 INFO  : Hardware design and registers information is loaded from 'C:/Users/merli/ECE385Final/ECE385Final/ECE385FinalVitus/mb_usb_hdmi_top/export/mb_usb_hdmi_top/hw/mb_usb_hdmi_top.xsa'.
16:08:41 INFO  : 'configparams mdm-detect-bscan-mask 2' command is executed.
16:08:41 INFO  : Context for processor 'microblaze_0' is selected.
16:08:41 INFO  : System reset is completed.
16:08:44 INFO  : 'after 3000' command is executed.
16:08:44 INFO  : Context for processor 'microblaze_0' is selected.
16:08:44 INFO  : The application 'C:/Users/merli/ECE385Final/ECE385Final/ECE385FinalVitus/ECE385FinalVitus/Debug/ECE385FinalVitus.elf' is downloaded to processor 'microblaze_0'.
16:08:44 INFO  : ----------------XSDB Script----------------
connect -url tcp:127.0.0.1:3121
targets -set -filter {jtag_cable_name =~ "RealDigital Boo 887429230015A" && level==0 && jtag_device_ctx=="jsn1-0362f093-0"}
fpga -file C:/Users/merli/ECE385Final/ECE385Final/ECE385FinalVitus/ECE385FinalVitus/_ide/bitstream/mb_usb_hdmi_top.bit
targets -set -nocase -filter {name =~ "*microblaze*#0" && bscan=="USER2" }
loadhw -hw C:/Users/merli/ECE385Final/ECE385Final/ECE385FinalVitus/mb_usb_hdmi_top/export/mb_usb_hdmi_top/hw/mb_usb_hdmi_top.xsa -regs
configparams mdm-detect-bscan-mask 2
targets -set -nocase -filter {name =~ "*microblaze*#0" && bscan=="USER2" }
rst -system
after 3000
targets -set -nocase -filter {name =~ "*microblaze*#0" && bscan=="USER2" }
dow C:/Users/merli/ECE385Final/ECE385Final/ECE385FinalVitus/ECE385FinalVitus/Debug/ECE385FinalVitus.elf
----------------End of Script----------------

16:08:44 INFO  : Context for processor 'microblaze_0' is selected.
16:08:44 INFO  : 'con' command is executed.
16:08:44 INFO  : ----------------XSDB Script (After Launch)----------------
targets -set -nocase -filter {name =~ "*microblaze*#0" && bscan=="USER2" }
con
----------------End of Script----------------

16:08:44 INFO  : Disconnected from the channel tcfchan#2.
16:20:14 INFO  : Hardware specification for platform project 'mb_usb_hdmi_top' is updated.
16:20:27 INFO  : Result from executing command 'removePlatformRepo': 
16:20:35 INFO  : Result from executing command 'getProjects': mb_usb_hdmi_top
16:20:35 INFO  : Result from executing command 'getPlatforms': 
16:20:35 INFO  : Checking for BSP changes to sync application flags for project 'ECE385FinalVitus'...
16:20:37 INFO  : The hardware specification used by project 'ECE385FinalVitus' is out of sync with the platform. Resource files extracted from the hardware specification will be updated.
16:20:37 INFO  : The file 'C:\Users\merli\ECE385Final\ECE385Final\ECE385FinalVitus\ECE385FinalVitus\_ide\bitstream\mb_usb_hdmi_top.bit' stored in project is removed.
16:20:37 INFO  : The file 'C:\Users\merli\ECE385Final\ECE385Final\ECE385FinalVitus\ECE385FinalVitus\_ide\bitstream\mb_usb_hdmi_top.mmi' stored in project is removed.
16:20:37 INFO  : The updated bitstream files are copied from platform to folder 'C:\Users\merli\ECE385Final\ECE385Final\ECE385FinalVitus\ECE385FinalVitus\_ide\bitstream' in project 'ECE385FinalVitus'.
16:21:01 INFO  : Connected to target on host '127.0.0.1' and port '3121'.
16:21:01 INFO  : Jtag cable 'RealDigital Boo 887429230015A' is selected.
16:21:01 INFO  : 'jtag frequency' command is executed.
16:21:01 INFO  : 'targets -set -filter {jtag_cable_name =~ "RealDigital Boo 887429230015A" && level==0 && jtag_device_ctx=="jsn1-0362f093-0"}' command is executed.
16:21:03 INFO  : Device configured successfully with "C:/Users/merli/ECE385Final/ECE385Final/ECE385FinalVitus/ECE385FinalVitus/_ide/bitstream/mb_usb_hdmi_top.bit"
16:21:03 INFO  : Context for processor 'microblaze_0' is selected.
16:21:03 INFO  : Hardware design and registers information is loaded from 'C:/Users/merli/ECE385Final/ECE385Final/ECE385FinalVitus/mb_usb_hdmi_top/export/mb_usb_hdmi_top/hw/mb_usb_hdmi_top.xsa'.
16:21:03 INFO  : 'configparams mdm-detect-bscan-mask 2' command is executed.
16:21:03 INFO  : Context for processor 'microblaze_0' is selected.
16:21:03 INFO  : System reset is completed.
16:21:06 INFO  : 'after 3000' command is executed.
16:21:06 INFO  : Context for processor 'microblaze_0' is selected.
16:21:06 INFO  : The application 'C:/Users/merli/ECE385Final/ECE385Final/ECE385FinalVitus/ECE385FinalVitus/Debug/ECE385FinalVitus.elf' is downloaded to processor 'microblaze_0'.
16:21:06 INFO  : ----------------XSDB Script----------------
connect -url tcp:127.0.0.1:3121
targets -set -filter {jtag_cable_name =~ "RealDigital Boo 887429230015A" && level==0 && jtag_device_ctx=="jsn1-0362f093-0"}
fpga -file C:/Users/merli/ECE385Final/ECE385Final/ECE385FinalVitus/ECE385FinalVitus/_ide/bitstream/mb_usb_hdmi_top.bit
targets -set -nocase -filter {name =~ "*microblaze*#0" && bscan=="USER2" }
loadhw -hw C:/Users/merli/ECE385Final/ECE385Final/ECE385FinalVitus/mb_usb_hdmi_top/export/mb_usb_hdmi_top/hw/mb_usb_hdmi_top.xsa -regs
configparams mdm-detect-bscan-mask 2
targets -set -nocase -filter {name =~ "*microblaze*#0" && bscan=="USER2" }
rst -system
after 3000
targets -set -nocase -filter {name =~ "*microblaze*#0" && bscan=="USER2" }
dow C:/Users/merli/ECE385Final/ECE385Final/ECE385FinalVitus/ECE385FinalVitus/Debug/ECE385FinalVitus.elf
----------------End of Script----------------

16:21:06 INFO  : Context for processor 'microblaze_0' is selected.
16:21:06 INFO  : 'con' command is executed.
16:21:06 INFO  : ----------------XSDB Script (After Launch)----------------
targets -set -nocase -filter {name =~ "*microblaze*#0" && bscan=="USER2" }
con
----------------End of Script----------------

16:21:06 INFO  : Disconnected from the channel tcfchan#5.
16:22:07 INFO  : Connected to target on host '127.0.0.1' and port '3121'.
16:22:07 INFO  : Jtag cable 'RealDigital Boo 887429230015A' is selected.
16:22:07 INFO  : 'jtag frequency' command is executed.
16:22:07 INFO  : 'targets -set -filter {jtag_cable_name =~ "RealDigital Boo 887429230015A" && level==0 && jtag_device_ctx=="jsn1-0362f093-0"}' command is executed.
16:22:08 INFO  : Device configured successfully with "C:/Users/merli/ECE385Final/ECE385Final/ECE385FinalVitus/ECE385FinalVitus/_ide/bitstream/mb_usb_hdmi_top.bit"
16:22:08 INFO  : Context for processor 'microblaze_0' is selected.
16:22:08 INFO  : Hardware design and registers information is loaded from 'C:/Users/merli/ECE385Final/ECE385Final/ECE385FinalVitus/mb_usb_hdmi_top/export/mb_usb_hdmi_top/hw/mb_usb_hdmi_top.xsa'.
16:22:08 INFO  : 'configparams mdm-detect-bscan-mask 2' command is executed.
16:22:08 INFO  : Context for processor 'microblaze_0' is selected.
16:22:08 INFO  : System reset is completed.
16:22:11 INFO  : 'after 3000' command is executed.
16:22:11 INFO  : Context for processor 'microblaze_0' is selected.
16:22:12 INFO  : The application 'C:/Users/merli/ECE385Final/ECE385Final/ECE385FinalVitus/ECE385FinalVitus/Debug/ECE385FinalVitus.elf' is downloaded to processor 'microblaze_0'.
16:22:12 INFO  : ----------------XSDB Script----------------
connect -url tcp:127.0.0.1:3121
targets -set -filter {jtag_cable_name =~ "RealDigital Boo 887429230015A" && level==0 && jtag_device_ctx=="jsn1-0362f093-0"}
fpga -file C:/Users/merli/ECE385Final/ECE385Final/ECE385FinalVitus/ECE385FinalVitus/_ide/bitstream/mb_usb_hdmi_top.bit
targets -set -nocase -filter {name =~ "*microblaze*#0" && bscan=="USER2" }
loadhw -hw C:/Users/merli/ECE385Final/ECE385Final/ECE385FinalVitus/mb_usb_hdmi_top/export/mb_usb_hdmi_top/hw/mb_usb_hdmi_top.xsa -regs
configparams mdm-detect-bscan-mask 2
targets -set -nocase -filter {name =~ "*microblaze*#0" && bscan=="USER2" }
rst -system
after 3000
targets -set -nocase -filter {name =~ "*microblaze*#0" && bscan=="USER2" }
dow C:/Users/merli/ECE385Final/ECE385Final/ECE385FinalVitus/ECE385FinalVitus/Debug/ECE385FinalVitus.elf
----------------End of Script----------------

16:22:12 INFO  : Context for processor 'microblaze_0' is selected.
16:22:12 INFO  : 'con' command is executed.
16:22:12 INFO  : ----------------XSDB Script (After Launch)----------------
targets -set -nocase -filter {name =~ "*microblaze*#0" && bscan=="USER2" }
con
----------------End of Script----------------

16:22:12 INFO  : Disconnected from the channel tcfchan#6.
16:23:09 INFO  : Connected to target on host '127.0.0.1' and port '3121'.
16:23:09 INFO  : Jtag cable 'RealDigital Boo 887429230015A' is selected.
16:23:09 INFO  : 'jtag frequency' command is executed.
16:23:10 INFO  : 'targets -set -filter {jtag_cable_name =~ "RealDigital Boo 887429230015A" && level==0 && jtag_device_ctx=="jsn1-0362f093-0"}' command is executed.
16:23:11 INFO  : Device configured successfully with "C:/Users/merli/ECE385Final/ECE385Final/ECE385FinalVitus/ECE385FinalVitus/_ide/bitstream/mb_usb_hdmi_top.bit"
16:23:11 INFO  : Context for processor 'microblaze_0' is selected.
16:23:11 INFO  : Hardware design and registers information is loaded from 'C:/Users/merli/ECE385Final/ECE385Final/ECE385FinalVitus/mb_usb_hdmi_top/export/mb_usb_hdmi_top/hw/mb_usb_hdmi_top.xsa'.
16:23:11 INFO  : 'configparams mdm-detect-bscan-mask 2' command is executed.
16:23:11 INFO  : Context for processor 'microblaze_0' is selected.
16:23:11 INFO  : System reset is completed.
16:23:14 INFO  : 'after 3000' command is executed.
16:23:14 INFO  : Context for processor 'microblaze_0' is selected.
16:23:14 INFO  : The application 'C:/Users/merli/ECE385Final/ECE385Final/ECE385FinalVitus/ECE385FinalVitus/Debug/ECE385FinalVitus.elf' is downloaded to processor 'microblaze_0'.
16:23:14 INFO  : ----------------XSDB Script----------------
connect -url tcp:127.0.0.1:3121
targets -set -filter {jtag_cable_name =~ "RealDigital Boo 887429230015A" && level==0 && jtag_device_ctx=="jsn1-0362f093-0"}
fpga -file C:/Users/merli/ECE385Final/ECE385Final/ECE385FinalVitus/ECE385FinalVitus/_ide/bitstream/mb_usb_hdmi_top.bit
targets -set -nocase -filter {name =~ "*microblaze*#0" && bscan=="USER2" }
loadhw -hw C:/Users/merli/ECE385Final/ECE385Final/ECE385FinalVitus/mb_usb_hdmi_top/export/mb_usb_hdmi_top/hw/mb_usb_hdmi_top.xsa -regs
configparams mdm-detect-bscan-mask 2
targets -set -nocase -filter {name =~ "*microblaze*#0" && bscan=="USER2" }
rst -system
after 3000
targets -set -nocase -filter {name =~ "*microblaze*#0" && bscan=="USER2" }
dow C:/Users/merli/ECE385Final/ECE385Final/ECE385FinalVitus/ECE385FinalVitus/Debug/ECE385FinalVitus.elf
----------------End of Script----------------

16:23:14 INFO  : Context for processor 'microblaze_0' is selected.
16:23:14 INFO  : 'con' command is executed.
16:23:14 INFO  : ----------------XSDB Script (After Launch)----------------
targets -set -nocase -filter {name =~ "*microblaze*#0" && bscan=="USER2" }
con
----------------End of Script----------------

16:23:14 INFO  : Disconnected from the channel tcfchan#7.
16:24:29 INFO  : Connected to target on host '127.0.0.1' and port '3121'.
16:24:29 INFO  : Jtag cable 'RealDigital Boo 887429230015A' is selected.
16:24:29 INFO  : 'jtag frequency' command is executed.
16:24:29 INFO  : 'targets -set -filter {jtag_cable_name =~ "RealDigital Boo 887429230015A" && level==0 && jtag_device_ctx=="jsn1-0362f093-0"}' command is executed.
16:24:31 INFO  : Device configured successfully with "C:/Users/merli/ECE385Final/ECE385Final/ECE385FinalVitus/ECE385FinalVitus/_ide/bitstream/mb_usb_hdmi_top.bit"
16:24:31 INFO  : Context for processor 'microblaze_0' is selected.
16:24:31 INFO  : Hardware design and registers information is loaded from 'C:/Users/merli/ECE385Final/ECE385Final/ECE385FinalVitus/mb_usb_hdmi_top/export/mb_usb_hdmi_top/hw/mb_usb_hdmi_top.xsa'.
16:24:31 INFO  : 'configparams mdm-detect-bscan-mask 2' command is executed.
16:24:31 INFO  : Context for processor 'microblaze_0' is selected.
16:24:31 INFO  : System reset is completed.
16:24:34 INFO  : 'after 3000' command is executed.
16:24:34 INFO  : Context for processor 'microblaze_0' is selected.
16:24:34 INFO  : The application 'C:/Users/merli/ECE385Final/ECE385Final/ECE385FinalVitus/ECE385FinalVitus/Debug/ECE385FinalVitus.elf' is downloaded to processor 'microblaze_0'.
16:24:34 INFO  : ----------------XSDB Script----------------
connect -url tcp:127.0.0.1:3121
targets -set -filter {jtag_cable_name =~ "RealDigital Boo 887429230015A" && level==0 && jtag_device_ctx=="jsn1-0362f093-0"}
fpga -file C:/Users/merli/ECE385Final/ECE385Final/ECE385FinalVitus/ECE385FinalVitus/_ide/bitstream/mb_usb_hdmi_top.bit
targets -set -nocase -filter {name =~ "*microblaze*#0" && bscan=="USER2" }
loadhw -hw C:/Users/merli/ECE385Final/ECE385Final/ECE385FinalVitus/mb_usb_hdmi_top/export/mb_usb_hdmi_top/hw/mb_usb_hdmi_top.xsa -regs
configparams mdm-detect-bscan-mask 2
targets -set -nocase -filter {name =~ "*microblaze*#0" && bscan=="USER2" }
rst -system
after 3000
targets -set -nocase -filter {name =~ "*microblaze*#0" && bscan=="USER2" }
dow C:/Users/merli/ECE385Final/ECE385Final/ECE385FinalVitus/ECE385FinalVitus/Debug/ECE385FinalVitus.elf
----------------End of Script----------------

16:24:34 INFO  : Context for processor 'microblaze_0' is selected.
16:24:34 INFO  : 'con' command is executed.
16:24:34 INFO  : ----------------XSDB Script (After Launch)----------------
targets -set -nocase -filter {name =~ "*microblaze*#0" && bscan=="USER2" }
con
----------------End of Script----------------

16:24:34 INFO  : Disconnected from the channel tcfchan#8.
16:44:52 INFO  : Hardware specification for platform project 'mb_usb_hdmi_top' is updated.
16:45:06 INFO  : Result from executing command 'removePlatformRepo': 
16:45:13 INFO  : Result from executing command 'getProjects': mb_usb_hdmi_top
16:45:13 INFO  : Result from executing command 'getPlatforms': 
16:45:13 INFO  : Checking for BSP changes to sync application flags for project 'ECE385FinalVitus'...
16:45:15 INFO  : The hardware specification used by project 'ECE385FinalVitus' is out of sync with the platform. Resource files extracted from the hardware specification will be updated.
16:45:15 INFO  : The file 'C:\Users\merli\ECE385Final\ECE385Final\ECE385FinalVitus\ECE385FinalVitus\_ide\bitstream\mb_usb_hdmi_top.bit' stored in project is removed.
16:45:15 INFO  : The file 'C:\Users\merli\ECE385Final\ECE385Final\ECE385FinalVitus\ECE385FinalVitus\_ide\bitstream\mb_usb_hdmi_top.mmi' stored in project is removed.
16:45:15 INFO  : The updated bitstream files are copied from platform to folder 'C:\Users\merli\ECE385Final\ECE385Final\ECE385FinalVitus\ECE385FinalVitus\_ide\bitstream' in project 'ECE385FinalVitus'.
16:45:24 INFO  : Connected to target on host '127.0.0.1' and port '3121'.
16:45:24 INFO  : Jtag cable 'RealDigital Boo 887429230015A' is selected.
16:45:24 INFO  : 'jtag frequency' command is executed.
16:45:24 INFO  : 'targets -set -filter {jtag_cable_name =~ "RealDigital Boo 887429230015A" && level==0 && jtag_device_ctx=="jsn1-0362f093-0"}' command is executed.
16:45:26 INFO  : Device configured successfully with "C:/Users/merli/ECE385Final/ECE385Final/ECE385FinalVitus/ECE385FinalVitus/_ide/bitstream/mb_usb_hdmi_top.bit"
16:45:26 INFO  : Context for processor 'microblaze_0' is selected.
16:45:26 INFO  : Hardware design and registers information is loaded from 'C:/Users/merli/ECE385Final/ECE385Final/ECE385FinalVitus/mb_usb_hdmi_top/export/mb_usb_hdmi_top/hw/mb_usb_hdmi_top.xsa'.
16:45:26 INFO  : 'configparams mdm-detect-bscan-mask 2' command is executed.
16:45:26 INFO  : Context for processor 'microblaze_0' is selected.
16:45:26 INFO  : System reset is completed.
16:45:29 INFO  : 'after 3000' command is executed.
16:45:29 INFO  : Context for processor 'microblaze_0' is selected.
16:45:29 INFO  : The application 'C:/Users/merli/ECE385Final/ECE385Final/ECE385FinalVitus/ECE385FinalVitus/Debug/ECE385FinalVitus.elf' is downloaded to processor 'microblaze_0'.
16:45:29 INFO  : ----------------XSDB Script----------------
connect -url tcp:127.0.0.1:3121
targets -set -filter {jtag_cable_name =~ "RealDigital Boo 887429230015A" && level==0 && jtag_device_ctx=="jsn1-0362f093-0"}
fpga -file C:/Users/merli/ECE385Final/ECE385Final/ECE385FinalVitus/ECE385FinalVitus/_ide/bitstream/mb_usb_hdmi_top.bit
targets -set -nocase -filter {name =~ "*microblaze*#0" && bscan=="USER2" }
loadhw -hw C:/Users/merli/ECE385Final/ECE385Final/ECE385FinalVitus/mb_usb_hdmi_top/export/mb_usb_hdmi_top/hw/mb_usb_hdmi_top.xsa -regs
configparams mdm-detect-bscan-mask 2
targets -set -nocase -filter {name =~ "*microblaze*#0" && bscan=="USER2" }
rst -system
after 3000
targets -set -nocase -filter {name =~ "*microblaze*#0" && bscan=="USER2" }
dow C:/Users/merli/ECE385Final/ECE385Final/ECE385FinalVitus/ECE385FinalVitus/Debug/ECE385FinalVitus.elf
----------------End of Script----------------

16:45:29 INFO  : Context for processor 'microblaze_0' is selected.
16:45:29 INFO  : 'con' command is executed.
16:45:29 INFO  : ----------------XSDB Script (After Launch)----------------
targets -set -nocase -filter {name =~ "*microblaze*#0" && bscan=="USER2" }
con
----------------End of Script----------------

16:45:29 INFO  : Disconnected from the channel tcfchan#11.
16:47:24 INFO  : Connected to target on host '127.0.0.1' and port '3121'.
16:47:24 INFO  : Jtag cable 'RealDigital Boo 887429230015A' is selected.
16:47:24 INFO  : 'jtag frequency' command is executed.
16:47:24 INFO  : 'targets -set -filter {jtag_cable_name =~ "RealDigital Boo 887429230015A" && level==0 && jtag_device_ctx=="jsn1-0362f093-0"}' command is executed.
16:47:26 INFO  : Device configured successfully with "C:/Users/merli/ECE385Final/ECE385Final/ECE385FinalVitus/ECE385FinalVitus/_ide/bitstream/mb_usb_hdmi_top.bit"
16:47:26 INFO  : Context for processor 'microblaze_0' is selected.
16:47:26 INFO  : Hardware design and registers information is loaded from 'C:/Users/merli/ECE385Final/ECE385Final/ECE385FinalVitus/mb_usb_hdmi_top/export/mb_usb_hdmi_top/hw/mb_usb_hdmi_top.xsa'.
16:47:26 INFO  : 'configparams mdm-detect-bscan-mask 2' command is executed.
16:47:26 INFO  : Context for processor 'microblaze_0' is selected.
16:47:26 INFO  : System reset is completed.
16:47:29 INFO  : 'after 3000' command is executed.
16:47:29 INFO  : Context for processor 'microblaze_0' is selected.
16:47:29 INFO  : The application 'C:/Users/merli/ECE385Final/ECE385Final/ECE385FinalVitus/ECE385FinalVitus/Debug/ECE385FinalVitus.elf' is downloaded to processor 'microblaze_0'.
16:47:29 INFO  : ----------------XSDB Script----------------
connect -url tcp:127.0.0.1:3121
targets -set -filter {jtag_cable_name =~ "RealDigital Boo 887429230015A" && level==0 && jtag_device_ctx=="jsn1-0362f093-0"}
fpga -file C:/Users/merli/ECE385Final/ECE385Final/ECE385FinalVitus/ECE385FinalVitus/_ide/bitstream/mb_usb_hdmi_top.bit
targets -set -nocase -filter {name =~ "*microblaze*#0" && bscan=="USER2" }
loadhw -hw C:/Users/merli/ECE385Final/ECE385Final/ECE385FinalVitus/mb_usb_hdmi_top/export/mb_usb_hdmi_top/hw/mb_usb_hdmi_top.xsa -regs
configparams mdm-detect-bscan-mask 2
targets -set -nocase -filter {name =~ "*microblaze*#0" && bscan=="USER2" }
rst -system
after 3000
targets -set -nocase -filter {name =~ "*microblaze*#0" && bscan=="USER2" }
dow C:/Users/merli/ECE385Final/ECE385Final/ECE385FinalVitus/ECE385FinalVitus/Debug/ECE385FinalVitus.elf
----------------End of Script----------------

16:47:29 INFO  : Context for processor 'microblaze_0' is selected.
16:47:29 INFO  : 'con' command is executed.
16:47:29 INFO  : ----------------XSDB Script (After Launch)----------------
targets -set -nocase -filter {name =~ "*microblaze*#0" && bscan=="USER2" }
con
----------------End of Script----------------

16:47:29 INFO  : Disconnected from the channel tcfchan#12.
16:47:56 INFO  : Connected to target on host '127.0.0.1' and port '3121'.
16:47:57 INFO  : Jtag cable 'RealDigital Boo 887429230015A' is selected.
16:47:57 INFO  : 'jtag frequency' command is executed.
16:47:57 INFO  : 'targets -set -filter {jtag_cable_name =~ "RealDigital Boo 887429230015A" && level==0 && jtag_device_ctx=="jsn1-0362f093-0"}' command is executed.
16:47:58 INFO  : Device configured successfully with "C:/Users/merli/ECE385Final/ECE385Final/ECE385FinalVitus/ECE385FinalVitus/_ide/bitstream/mb_usb_hdmi_top.bit"
16:47:58 INFO  : Context for processor 'microblaze_0' is selected.
16:47:58 INFO  : Hardware design and registers information is loaded from 'C:/Users/merli/ECE385Final/ECE385Final/ECE385FinalVitus/mb_usb_hdmi_top/export/mb_usb_hdmi_top/hw/mb_usb_hdmi_top.xsa'.
16:47:58 INFO  : 'configparams mdm-detect-bscan-mask 2' command is executed.
16:47:58 INFO  : Context for processor 'microblaze_0' is selected.
16:47:58 INFO  : System reset is completed.
16:48:01 INFO  : 'after 3000' command is executed.
16:48:01 INFO  : Context for processor 'microblaze_0' is selected.
16:48:02 INFO  : The application 'C:/Users/merli/ECE385Final/ECE385Final/ECE385FinalVitus/ECE385FinalVitus/Debug/ECE385FinalVitus.elf' is downloaded to processor 'microblaze_0'.
16:48:02 INFO  : ----------------XSDB Script----------------
connect -url tcp:127.0.0.1:3121
targets -set -filter {jtag_cable_name =~ "RealDigital Boo 887429230015A" && level==0 && jtag_device_ctx=="jsn1-0362f093-0"}
fpga -file C:/Users/merli/ECE385Final/ECE385Final/ECE385FinalVitus/ECE385FinalVitus/_ide/bitstream/mb_usb_hdmi_top.bit
targets -set -nocase -filter {name =~ "*microblaze*#0" && bscan=="USER2" }
loadhw -hw C:/Users/merli/ECE385Final/ECE385Final/ECE385FinalVitus/mb_usb_hdmi_top/export/mb_usb_hdmi_top/hw/mb_usb_hdmi_top.xsa -regs
configparams mdm-detect-bscan-mask 2
targets -set -nocase -filter {name =~ "*microblaze*#0" && bscan=="USER2" }
rst -system
after 3000
targets -set -nocase -filter {name =~ "*microblaze*#0" && bscan=="USER2" }
dow C:/Users/merli/ECE385Final/ECE385Final/ECE385FinalVitus/ECE385FinalVitus/Debug/ECE385FinalVitus.elf
----------------End of Script----------------

16:48:02 INFO  : Context for processor 'microblaze_0' is selected.
16:48:02 INFO  : 'con' command is executed.
16:48:02 INFO  : ----------------XSDB Script (After Launch)----------------
targets -set -nocase -filter {name =~ "*microblaze*#0" && bscan=="USER2" }
con
----------------End of Script----------------

16:48:02 INFO  : Disconnected from the channel tcfchan#13.
16:48:17 INFO  : Result from executing command 'removePlatformRepo': 
16:48:22 INFO  : Result from executing command 'getProjects': mb_usb_hdmi_top
16:48:22 INFO  : Result from executing command 'getPlatforms': 
16:48:22 INFO  : Checking for BSP changes to sync application flags for project 'ECE385FinalVitus'...
16:48:32 INFO  : Connected to target on host '127.0.0.1' and port '3121'.
16:48:32 INFO  : Jtag cable 'RealDigital Boo 887429230015A' is selected.
16:48:32 INFO  : 'jtag frequency' command is executed.
16:48:32 INFO  : 'targets -set -filter {jtag_cable_name =~ "RealDigital Boo 887429230015A" && level==0 && jtag_device_ctx=="jsn1-0362f093-0"}' command is executed.
16:48:34 INFO  : Device configured successfully with "C:/Users/merli/ECE385Final/ECE385Final/ECE385FinalVitus/ECE385FinalVitus/_ide/bitstream/mb_usb_hdmi_top.bit"
16:48:34 INFO  : Context for processor 'microblaze_0' is selected.
16:48:34 INFO  : Hardware design and registers information is loaded from 'C:/Users/merli/ECE385Final/ECE385Final/ECE385FinalVitus/mb_usb_hdmi_top/export/mb_usb_hdmi_top/hw/mb_usb_hdmi_top.xsa'.
16:48:34 INFO  : 'configparams mdm-detect-bscan-mask 2' command is executed.
16:48:34 INFO  : Context for processor 'microblaze_0' is selected.
16:48:34 INFO  : System reset is completed.
16:48:37 INFO  : 'after 3000' command is executed.
16:48:37 INFO  : Context for processor 'microblaze_0' is selected.
16:48:37 INFO  : The application 'C:/Users/merli/ECE385Final/ECE385Final/ECE385FinalVitus/ECE385FinalVitus/Debug/ECE385FinalVitus.elf' is downloaded to processor 'microblaze_0'.
16:48:37 INFO  : ----------------XSDB Script----------------
connect -url tcp:127.0.0.1:3121
targets -set -filter {jtag_cable_name =~ "RealDigital Boo 887429230015A" && level==0 && jtag_device_ctx=="jsn1-0362f093-0"}
fpga -file C:/Users/merli/ECE385Final/ECE385Final/ECE385FinalVitus/ECE385FinalVitus/_ide/bitstream/mb_usb_hdmi_top.bit
targets -set -nocase -filter {name =~ "*microblaze*#0" && bscan=="USER2" }
loadhw -hw C:/Users/merli/ECE385Final/ECE385Final/ECE385FinalVitus/mb_usb_hdmi_top/export/mb_usb_hdmi_top/hw/mb_usb_hdmi_top.xsa -regs
configparams mdm-detect-bscan-mask 2
targets -set -nocase -filter {name =~ "*microblaze*#0" && bscan=="USER2" }
rst -system
after 3000
targets -set -nocase -filter {name =~ "*microblaze*#0" && bscan=="USER2" }
dow C:/Users/merli/ECE385Final/ECE385Final/ECE385FinalVitus/ECE385FinalVitus/Debug/ECE385FinalVitus.elf
----------------End of Script----------------

16:48:37 INFO  : Context for processor 'microblaze_0' is selected.
16:48:37 INFO  : 'con' command is executed.
16:48:37 INFO  : ----------------XSDB Script (After Launch)----------------
targets -set -nocase -filter {name =~ "*microblaze*#0" && bscan=="USER2" }
con
----------------End of Script----------------

16:48:37 INFO  : Disconnected from the channel tcfchan#16.
16:49:12 INFO  : Checking for BSP changes to sync application flags for project 'ECE385FinalVitus'...
16:49:28 INFO  : Connected to target on host '127.0.0.1' and port '3121'.
16:49:28 INFO  : Jtag cable 'RealDigital Boo 887429230015A' is selected.
16:49:28 INFO  : 'jtag frequency' command is executed.
16:49:28 INFO  : 'targets -set -filter {jtag_cable_name =~ "RealDigital Boo 887429230015A" && level==0 && jtag_device_ctx=="jsn1-0362f093-0"}' command is executed.
16:49:29 INFO  : Device configured successfully with "C:/Users/merli/ECE385Final/ECE385Final/ECE385FinalVitus/ECE385FinalVitus/_ide/bitstream/mb_usb_hdmi_top.bit"
16:49:29 INFO  : Context for processor 'microblaze_0' is selected.
16:49:29 INFO  : Hardware design and registers information is loaded from 'C:/Users/merli/ECE385Final/ECE385Final/ECE385FinalVitus/mb_usb_hdmi_top/export/mb_usb_hdmi_top/hw/mb_usb_hdmi_top.xsa'.
16:49:29 INFO  : 'configparams mdm-detect-bscan-mask 2' command is executed.
16:49:29 INFO  : Context for processor 'microblaze_0' is selected.
16:49:29 INFO  : System reset is completed.
16:49:32 INFO  : 'after 3000' command is executed.
16:49:33 INFO  : Context for processor 'microblaze_0' is selected.
16:49:33 INFO  : The application 'C:/Users/merli/ECE385Final/ECE385Final/ECE385FinalVitus/ECE385FinalVitus/Debug/ECE385FinalVitus.elf' is downloaded to processor 'microblaze_0'.
16:49:33 INFO  : ----------------XSDB Script----------------
connect -url tcp:127.0.0.1:3121
targets -set -filter {jtag_cable_name =~ "RealDigital Boo 887429230015A" && level==0 && jtag_device_ctx=="jsn1-0362f093-0"}
fpga -file C:/Users/merli/ECE385Final/ECE385Final/ECE385FinalVitus/ECE385FinalVitus/_ide/bitstream/mb_usb_hdmi_top.bit
targets -set -nocase -filter {name =~ "*microblaze*#0" && bscan=="USER2" }
loadhw -hw C:/Users/merli/ECE385Final/ECE385Final/ECE385FinalVitus/mb_usb_hdmi_top/export/mb_usb_hdmi_top/hw/mb_usb_hdmi_top.xsa -regs
configparams mdm-detect-bscan-mask 2
targets -set -nocase -filter {name =~ "*microblaze*#0" && bscan=="USER2" }
rst -system
after 3000
targets -set -nocase -filter {name =~ "*microblaze*#0" && bscan=="USER2" }
dow C:/Users/merli/ECE385Final/ECE385Final/ECE385FinalVitus/ECE385FinalVitus/Debug/ECE385FinalVitus.elf
----------------End of Script----------------

16:49:33 INFO  : Context for processor 'microblaze_0' is selected.
16:49:33 INFO  : 'con' command is executed.
16:49:33 INFO  : ----------------XSDB Script (After Launch)----------------
targets -set -nocase -filter {name =~ "*microblaze*#0" && bscan=="USER2" }
con
----------------End of Script----------------

16:49:33 INFO  : Disconnected from the channel tcfchan#17.
16:52:06 INFO  : Connected to target on host '127.0.0.1' and port '3121'.
16:52:06 INFO  : Jtag cable 'RealDigital Boo 887429230015A' is selected.
16:52:06 INFO  : 'jtag frequency' command is executed.
16:52:06 INFO  : 'targets -set -filter {jtag_cable_name =~ "RealDigital Boo 887429230015A" && level==0 && jtag_device_ctx=="jsn1-0362f093-0"}' command is executed.
16:52:08 INFO  : Device configured successfully with "C:/Users/merli/ECE385Final/ECE385Final/ECE385FinalVitus/ECE385FinalVitus/_ide/bitstream/mb_usb_hdmi_top.bit"
16:52:08 INFO  : Context for processor 'microblaze_0' is selected.
16:52:08 INFO  : Hardware design and registers information is loaded from 'C:/Users/merli/ECE385Final/ECE385Final/ECE385FinalVitus/mb_usb_hdmi_top/export/mb_usb_hdmi_top/hw/mb_usb_hdmi_top.xsa'.
16:52:08 INFO  : 'configparams mdm-detect-bscan-mask 2' command is executed.
16:52:08 INFO  : Context for processor 'microblaze_0' is selected.
16:52:08 INFO  : System reset is completed.
16:52:11 INFO  : 'after 3000' command is executed.
16:52:11 INFO  : Context for processor 'microblaze_0' is selected.
16:52:11 INFO  : The application 'C:/Users/merli/ECE385Final/ECE385Final/ECE385FinalVitus/ECE385FinalVitus/Debug/ECE385FinalVitus.elf' is downloaded to processor 'microblaze_0'.
16:52:11 INFO  : ----------------XSDB Script----------------
connect -url tcp:127.0.0.1:3121
targets -set -filter {jtag_cable_name =~ "RealDigital Boo 887429230015A" && level==0 && jtag_device_ctx=="jsn1-0362f093-0"}
fpga -file C:/Users/merli/ECE385Final/ECE385Final/ECE385FinalVitus/ECE385FinalVitus/_ide/bitstream/mb_usb_hdmi_top.bit
targets -set -nocase -filter {name =~ "*microblaze*#0" && bscan=="USER2" }
loadhw -hw C:/Users/merli/ECE385Final/ECE385Final/ECE385FinalVitus/mb_usb_hdmi_top/export/mb_usb_hdmi_top/hw/mb_usb_hdmi_top.xsa -regs
configparams mdm-detect-bscan-mask 2
targets -set -nocase -filter {name =~ "*microblaze*#0" && bscan=="USER2" }
rst -system
after 3000
targets -set -nocase -filter {name =~ "*microblaze*#0" && bscan=="USER2" }
dow C:/Users/merli/ECE385Final/ECE385Final/ECE385FinalVitus/ECE385FinalVitus/Debug/ECE385FinalVitus.elf
----------------End of Script----------------

16:52:11 INFO  : Context for processor 'microblaze_0' is selected.
16:52:11 INFO  : 'con' command is executed.
16:52:11 INFO  : ----------------XSDB Script (After Launch)----------------
targets -set -nocase -filter {name =~ "*microblaze*#0" && bscan=="USER2" }
con
----------------End of Script----------------

16:52:11 INFO  : Disconnected from the channel tcfchan#18.
16:52:41 INFO  : Connected to target on host '127.0.0.1' and port '3121'.
16:52:42 INFO  : Jtag cable 'RealDigital Boo 887429230015A' is selected.
16:52:42 INFO  : 'jtag frequency' command is executed.
16:52:42 INFO  : 'targets -set -filter {jtag_cable_name =~ "RealDigital Boo 887429230015A" && level==0 && jtag_device_ctx=="jsn1-0362f093-0"}' command is executed.
16:52:43 INFO  : Device configured successfully with "C:/Users/merli/ECE385Final/ECE385Final/ECE385FinalVitus/ECE385FinalVitus/_ide/bitstream/mb_usb_hdmi_top.bit"
16:52:43 INFO  : Context for processor 'microblaze_0' is selected.
16:52:43 INFO  : Hardware design and registers information is loaded from 'C:/Users/merli/ECE385Final/ECE385Final/ECE385FinalVitus/mb_usb_hdmi_top/export/mb_usb_hdmi_top/hw/mb_usb_hdmi_top.xsa'.
16:52:43 INFO  : 'configparams mdm-detect-bscan-mask 2' command is executed.
16:52:43 INFO  : Context for processor 'microblaze_0' is selected.
16:52:43 INFO  : System reset is completed.
16:52:46 INFO  : 'after 3000' command is executed.
16:52:46 INFO  : Context for processor 'microblaze_0' is selected.
16:52:46 INFO  : The application 'C:/Users/merli/ECE385Final/ECE385Final/ECE385FinalVitus/ECE385FinalVitus/Debug/ECE385FinalVitus.elf' is downloaded to processor 'microblaze_0'.
16:52:46 INFO  : ----------------XSDB Script----------------
connect -url tcp:127.0.0.1:3121
targets -set -filter {jtag_cable_name =~ "RealDigital Boo 887429230015A" && level==0 && jtag_device_ctx=="jsn1-0362f093-0"}
fpga -file C:/Users/merli/ECE385Final/ECE385Final/ECE385FinalVitus/ECE385FinalVitus/_ide/bitstream/mb_usb_hdmi_top.bit
targets -set -nocase -filter {name =~ "*microblaze*#0" && bscan=="USER2" }
loadhw -hw C:/Users/merli/ECE385Final/ECE385Final/ECE385FinalVitus/mb_usb_hdmi_top/export/mb_usb_hdmi_top/hw/mb_usb_hdmi_top.xsa -regs
configparams mdm-detect-bscan-mask 2
targets -set -nocase -filter {name =~ "*microblaze*#0" && bscan=="USER2" }
rst -system
after 3000
targets -set -nocase -filter {name =~ "*microblaze*#0" && bscan=="USER2" }
dow C:/Users/merli/ECE385Final/ECE385Final/ECE385FinalVitus/ECE385FinalVitus/Debug/ECE385FinalVitus.elf
----------------End of Script----------------

16:52:46 INFO  : Context for processor 'microblaze_0' is selected.
16:52:46 INFO  : 'con' command is executed.
16:52:46 INFO  : ----------------XSDB Script (After Launch)----------------
targets -set -nocase -filter {name =~ "*microblaze*#0" && bscan=="USER2" }
con
----------------End of Script----------------

16:52:46 INFO  : Disconnected from the channel tcfchan#19.
16:52:49 INFO  : Connected to target on host '127.0.0.1' and port '3121'.
16:52:50 INFO  : Jtag cable 'RealDigital Boo 887429230015A' is selected.
16:52:50 INFO  : 'jtag frequency' command is executed.
16:52:53 ERROR : no targets found with "jtag_cable_name =~ "RealDigital Boo 887429230015A" && level==0 && jtag_device_ctx=="jsn1-0362f093-0"". available targets:
  1  xc7s50
     2  MicroBlaze Debug Module at USER2
        3  MicroBlaze #0 (Running)
16:52:53 ERROR : Exception occured while running Program Device.
java.lang.RuntimeException: no targets found with "jtag_cable_name =~ "RealDigital Boo 887429230015A" && level==0 && jtag_device_ctx=="jsn1-0362f093-0"". available targets:
  1  xc7s50
     2  MicroBlaze Debug Module at USER2
        3  MicroBlaze #0 (Running)
16:52:53 INFO  : ----------------XSDB Script----------------
connect -url tcp:127.0.0.1:3121
----------------End of Script----------------

16:52:53 ERROR : no targets found with "jtag_cable_name =~ "RealDigital Boo 887429230015A" && level==0 && jtag_device_ctx=="jsn1-0362f093-0"". available targets:
  1  xc7s50
     2  MicroBlaze Debug Module at USER2
        3  MicroBlaze #0 (Running)
19:50:39 INFO  : Hardware specification for platform project 'mb_usb_hdmi_top' is updated.
19:51:27 INFO  : Result from executing command 'getProjects': mb_usb_hdmi_top
19:51:27 INFO  : Result from executing command 'getPlatforms': mb_usb_hdmi_top|C:/Users/merli/ECE385Final/ECE385Final/ECE385FinalVitus/mb_usb_hdmi_top/export/mb_usb_hdmi_top/mb_usb_hdmi_top.xpfm
19:51:27 INFO  : Checking for BSP changes to sync application flags for project 'ECE385FinalVitus'...
19:51:47 INFO  : Connected to target on host '127.0.0.1' and port '3121'.
19:51:47 INFO  : Jtag cable 'RealDigital Boo 887429230015A' is selected.
19:51:47 INFO  : 'jtag frequency' command is executed.
19:51:50 ERROR : no targets found with "jtag_cable_name =~ "RealDigital Boo 887429230015A" && level==0 && jtag_device_ctx=="jsn1-0362f093-0"". available targets:
  1  xc7s50
19:51:50 ERROR : Exception occured while running Program Device.
java.lang.RuntimeException: no targets found with "jtag_cable_name =~ "RealDigital Boo 887429230015A" && level==0 && jtag_device_ctx=="jsn1-0362f093-0"". available targets:
  1  xc7s50
19:51:50 INFO  : ----------------XSDB Script----------------
connect -url tcp:127.0.0.1:3121
----------------End of Script----------------

19:51:50 ERROR : no targets found with "jtag_cable_name =~ "RealDigital Boo 887429230015A" && level==0 && jtag_device_ctx=="jsn1-0362f093-0"". available targets:
  1  xc7s50
19:52:16 INFO  : Checking for BSP changes to sync application flags for project 'ECE385FinalVitus'...
19:52:16 INFO  : The hardware specification used by project 'ECE385FinalVitus' is out of sync with the platform. Resource files extracted from the hardware specification will be updated.
19:52:16 INFO  : The file 'C:\Users\merli\ECE385Final\ECE385Final\ECE385FinalVitus\ECE385FinalVitus\_ide\bitstream\mb_usb_hdmi_top.bit' stored in project is removed.
19:52:16 INFO  : The file 'C:\Users\merli\ECE385Final\ECE385Final\ECE385FinalVitus\ECE385FinalVitus\_ide\bitstream\mb_usb_hdmi_top.mmi' stored in project is removed.
19:52:16 INFO  : The updated bitstream files are copied from platform to folder 'C:\Users\merli\ECE385Final\ECE385Final\ECE385FinalVitus\ECE385FinalVitus\_ide\bitstream' in project 'ECE385FinalVitus'.
19:52:23 INFO  : Connected to target on host '127.0.0.1' and port '3121'.
19:52:23 INFO  : Jtag cable 'RealDigital Boo 887429230015A' is selected.
19:52:23 INFO  : 'jtag frequency' command is executed.
19:52:26 ERROR : no targets found with "jtag_cable_name =~ "RealDigital Boo 887429230015A" && level==0 && jtag_device_ctx=="jsn1-0362f093-0"". available targets:
  1  xc7s50
19:52:26 ERROR : Exception occured while running Program Device.
java.lang.RuntimeException: no targets found with "jtag_cable_name =~ "RealDigital Boo 887429230015A" && level==0 && jtag_device_ctx=="jsn1-0362f093-0"". available targets:
  1  xc7s50
19:52:26 INFO  : ----------------XSDB Script----------------
connect -url tcp:127.0.0.1:3121
----------------End of Script----------------

19:52:26 ERROR : no targets found with "jtag_cable_name =~ "RealDigital Boo 887429230015A" && level==0 && jtag_device_ctx=="jsn1-0362f093-0"". available targets:
  1  xc7s50
19:52:30 INFO  : Connected to target on host '127.0.0.1' and port '3121'.
19:52:30 INFO  : Jtag cable 'RealDigital Boo 887429230015A' is selected.
19:52:30 INFO  : 'jtag frequency' command is executed.
19:52:33 ERROR : no targets found with "jtag_cable_name =~ "RealDigital Boo 887429230015A" && level==0 && jtag_device_ctx=="jsn1-0362f093-0"". available targets:
  1  xc7s50
19:52:33 ERROR : Exception occured while running Program Device.
java.lang.RuntimeException: no targets found with "jtag_cable_name =~ "RealDigital Boo 887429230015A" && level==0 && jtag_device_ctx=="jsn1-0362f093-0"". available targets:
  1  xc7s50
19:52:33 INFO  : ----------------XSDB Script----------------
connect -url tcp:127.0.0.1:3121
----------------End of Script----------------

19:52:33 ERROR : no targets found with "jtag_cable_name =~ "RealDigital Boo 887429230015A" && level==0 && jtag_device_ctx=="jsn1-0362f093-0"". available targets:
  1  xc7s50
19:52:57 INFO  : Checking for BSP changes to sync application flags for project 'ECE385FinalVitus'...
19:53:08 INFO  : Connected to target on host '127.0.0.1' and port '3121'.
19:53:08 INFO  : Jtag cable 'RealDigital Boo 887429230015A' is selected.
19:53:08 INFO  : 'jtag frequency' command is executed.
19:53:12 ERROR : no targets found with "jtag_cable_name =~ "RealDigital Boo 887429230015A" && level==0 && jtag_device_ctx=="jsn1-0362f093-0"". available targets:
  1  xc7s50
  4  whole scan chain (FT_Write failed: io error)
19:53:12 ERROR : Exception occured while running Program Device.
java.lang.RuntimeException: no targets found with "jtag_cable_name =~ "RealDigital Boo 887429230015A" && level==0 && jtag_device_ctx=="jsn1-0362f093-0"". available targets:
  1  xc7s50
  4  whole scan chain (FT_Write failed: io error)
19:53:12 INFO  : ----------------XSDB Script----------------
connect -url tcp:127.0.0.1:3121
----------------End of Script----------------

19:53:12 ERROR : no targets found with "jtag_cable_name =~ "RealDigital Boo 887429230015A" && level==0 && jtag_device_ctx=="jsn1-0362f093-0"". available targets:
  1  xc7s50
  4  whole scan chain (FT_Write failed: io error)
19:53:31 INFO  : Connected to target on host '127.0.0.1' and port '3121'.
19:53:31 INFO  : Jtag cable 'RealDigital Boo 887429230015A' is selected.
19:53:31 INFO  : 'jtag frequency' command is executed.
19:53:34 ERROR : no targets found with "jtag_cable_name =~ "RealDigital Boo 887429230015A" && level==0 && jtag_device_ctx=="jsn1-0362f093-0"". available targets:
  1  xc7s50
  4  whole scan chain (FT_Write failed: io error)
19:53:34 ERROR : Exception occured while running Program Device.
java.lang.RuntimeException: no targets found with "jtag_cable_name =~ "RealDigital Boo 887429230015A" && level==0 && jtag_device_ctx=="jsn1-0362f093-0"". available targets:
  1  xc7s50
  4  whole scan chain (FT_Write failed: io error)
19:53:34 INFO  : ----------------XSDB Script----------------
connect -url tcp:127.0.0.1:3121
----------------End of Script----------------

19:53:34 ERROR : no targets found with "jtag_cable_name =~ "RealDigital Boo 887429230015A" && level==0 && jtag_device_ctx=="jsn1-0362f093-0"". available targets:
  1  xc7s50
  4  whole scan chain (FT_Write failed: io error)
19:54:29 DEBUG : Logs will be stored at 'C:/Users/merli/ECE385Final/ECE385Final/ECE385FinalVitus/IDE.log'.
19:54:30 INFO  : Launching XSCT server: xsct.bat -n  -interactive C:\Users\merli\ECE385Final\ECE385Final\ECE385FinalVitus\temp_xsdb_launch_script.tcl
19:54:35 INFO  : XSCT server has started successfully.
19:54:35 INFO  : Successfully done setting XSCT server connection channel  
19:54:35 INFO  : plnx-install-location is set to ''
19:54:35 INFO  : Successfully done setting workspace for the tool. 
19:54:36 INFO  : Platform repository initialization has completed.
19:54:36 INFO  : Registering command handlers for Vitis TCF services
19:54:40 INFO  : Successfully done query RDI_DATADIR 
19:55:00 INFO  : Connected to target on host '127.0.0.1' and port '3121'.
19:55:01 INFO  : Jtag cable 'RealDigital Boo 887429230015A' is selected.
19:55:01 INFO  : 'jtag frequency' command is executed.
19:55:01 INFO  : 'targets -set -filter {jtag_cable_name =~ "RealDigital Boo 887429230015A" && level==0 && jtag_device_ctx=="jsn1-0362f093-0"}' command is executed.
19:55:02 INFO  : Device configured successfully with "C:/Users/merli/ECE385Final/ECE385Final/ECE385FinalVitus/ECE385FinalVitus/_ide/bitstream/mb_usb_hdmi_top.bit"
19:55:02 INFO  : Context for processor 'microblaze_0' is selected.
19:55:02 INFO  : Hardware design and registers information is loaded from 'C:/Users/merli/ECE385Final/ECE385Final/ECE385FinalVitus/mb_usb_hdmi_top/export/mb_usb_hdmi_top/hw/mb_usb_hdmi_top.xsa'.
19:55:02 INFO  : 'configparams mdm-detect-bscan-mask 2' command is executed.
19:55:03 INFO  : Context for processor 'microblaze_0' is selected.
19:55:03 INFO  : System reset is completed.
19:55:06 INFO  : 'after 3000' command is executed.
19:55:06 INFO  : Context for processor 'microblaze_0' is selected.
19:55:06 INFO  : The application 'C:/Users/merli/ECE385Final/ECE385Final/ECE385FinalVitus/ECE385FinalVitus/Debug/ECE385FinalVitus.elf' is downloaded to processor 'microblaze_0'.
19:55:06 INFO  : ----------------XSDB Script----------------
connect -url tcp:127.0.0.1:3121
targets -set -filter {jtag_cable_name =~ "RealDigital Boo 887429230015A" && level==0 && jtag_device_ctx=="jsn1-0362f093-0"}
fpga -file C:/Users/merli/ECE385Final/ECE385Final/ECE385FinalVitus/ECE385FinalVitus/_ide/bitstream/mb_usb_hdmi_top.bit
targets -set -nocase -filter {name =~ "*microblaze*#0" && bscan=="USER2" }
loadhw -hw C:/Users/merli/ECE385Final/ECE385Final/ECE385FinalVitus/mb_usb_hdmi_top/export/mb_usb_hdmi_top/hw/mb_usb_hdmi_top.xsa -regs
configparams mdm-detect-bscan-mask 2
targets -set -nocase -filter {name =~ "*microblaze*#0" && bscan=="USER2" }
rst -system
after 3000
targets -set -nocase -filter {name =~ "*microblaze*#0" && bscan=="USER2" }
dow C:/Users/merli/ECE385Final/ECE385Final/ECE385FinalVitus/ECE385FinalVitus/Debug/ECE385FinalVitus.elf
----------------End of Script----------------

19:55:06 INFO  : Context for processor 'microblaze_0' is selected.
19:55:06 INFO  : 'con' command is executed.
19:55:06 INFO  : ----------------XSDB Script (After Launch)----------------
targets -set -nocase -filter {name =~ "*microblaze*#0" && bscan=="USER2" }
con
----------------End of Script----------------

19:55:06 INFO  : Disconnected from the channel tcfchan#1.
20:10:42 INFO  : Hardware specification for platform project 'mb_usb_hdmi_top' is updated.
20:10:59 INFO  : Result from executing command 'getProjects': mb_usb_hdmi_top
20:10:59 INFO  : Result from executing command 'getPlatforms': mb_usb_hdmi_top|C:/Users/merli/ECE385Final/ECE385Final/ECE385FinalVitus/mb_usb_hdmi_top/export/mb_usb_hdmi_top/mb_usb_hdmi_top.xpfm
20:11:00 INFO  : Checking for BSP changes to sync application flags for project 'ECE385FinalVitus'...
20:11:00 WARN  : Failed to closehw "C:/Users/merli/ECE385Final/ECE385Final/ECE385FinalVitus/mb_usb_hdmi_top/export/mb_usb_hdmi_top/hw/mb_usb_hdmi_top.xsa"
Reason: Cannot close hw design 'C:/Users/merli/ECE385Final/ECE385Final/ECE385FinalVitus/mb_usb_hdmi_top/export/mb_usb_hdmi_top/hw/mb_usb_hdmi_top.xsa'.
Design is not opened in the current session.

20:11:03 INFO  : The hardware specification used by project 'ECE385FinalVitus' is out of sync with the platform. Resource files extracted from the hardware specification will be updated.
20:11:03 INFO  : The file 'C:\Users\merli\ECE385Final\ECE385Final\ECE385FinalVitus\ECE385FinalVitus\_ide\bitstream\mb_usb_hdmi_top.bit' stored in project is removed.
20:11:03 INFO  : The file 'C:\Users\merli\ECE385Final\ECE385Final\ECE385FinalVitus\ECE385FinalVitus\_ide\bitstream\mb_usb_hdmi_top.mmi' stored in project is removed.
20:11:03 INFO  : The updated bitstream files are copied from platform to folder 'C:\Users\merli\ECE385Final\ECE385Final\ECE385FinalVitus\ECE385FinalVitus\_ide\bitstream' in project 'ECE385FinalVitus'.
20:11:38 INFO  : Connected to target on host '127.0.0.1' and port '3121'.
20:11:38 INFO  : Jtag cable 'RealDigital Boo 887429230015A' is selected.
20:11:38 INFO  : 'jtag frequency' command is executed.
20:11:38 INFO  : 'targets -set -filter {jtag_cable_name =~ "RealDigital Boo 887429230015A" && level==0 && jtag_device_ctx=="jsn1-0362f093-0"}' command is executed.
20:11:40 INFO  : Device configured successfully with "C:/Users/merli/ECE385Final/ECE385Final/ECE385FinalVitus/ECE385FinalVitus/_ide/bitstream/mb_usb_hdmi_top.bit"
20:11:40 INFO  : Context for processor 'microblaze_0' is selected.
20:11:40 INFO  : Hardware design and registers information is loaded from 'C:/Users/merli/ECE385Final/ECE385Final/ECE385FinalVitus/mb_usb_hdmi_top/export/mb_usb_hdmi_top/hw/mb_usb_hdmi_top.xsa'.
20:11:40 INFO  : 'configparams mdm-detect-bscan-mask 2' command is executed.
20:11:40 INFO  : Context for processor 'microblaze_0' is selected.
20:11:40 INFO  : System reset is completed.
20:11:43 INFO  : 'after 3000' command is executed.
20:11:43 INFO  : Context for processor 'microblaze_0' is selected.
20:11:43 INFO  : The application 'C:/Users/merli/ECE385Final/ECE385Final/ECE385FinalVitus/ECE385FinalVitus/Debug/ECE385FinalVitus.elf' is downloaded to processor 'microblaze_0'.
20:11:43 INFO  : ----------------XSDB Script----------------
connect -url tcp:127.0.0.1:3121
targets -set -filter {jtag_cable_name =~ "RealDigital Boo 887429230015A" && level==0 && jtag_device_ctx=="jsn1-0362f093-0"}
fpga -file C:/Users/merli/ECE385Final/ECE385Final/ECE385FinalVitus/ECE385FinalVitus/_ide/bitstream/mb_usb_hdmi_top.bit
targets -set -nocase -filter {name =~ "*microblaze*#0" && bscan=="USER2" }
loadhw -hw C:/Users/merli/ECE385Final/ECE385Final/ECE385FinalVitus/mb_usb_hdmi_top/export/mb_usb_hdmi_top/hw/mb_usb_hdmi_top.xsa -regs
configparams mdm-detect-bscan-mask 2
targets -set -nocase -filter {name =~ "*microblaze*#0" && bscan=="USER2" }
rst -system
after 3000
targets -set -nocase -filter {name =~ "*microblaze*#0" && bscan=="USER2" }
dow C:/Users/merli/ECE385Final/ECE385Final/ECE385FinalVitus/ECE385FinalVitus/Debug/ECE385FinalVitus.elf
----------------End of Script----------------

20:11:43 INFO  : Context for processor 'microblaze_0' is selected.
20:11:43 INFO  : 'con' command is executed.
20:11:43 INFO  : ----------------XSDB Script (After Launch)----------------
targets -set -nocase -filter {name =~ "*microblaze*#0" && bscan=="USER2" }
con
----------------End of Script----------------

20:11:43 INFO  : Disconnected from the channel tcfchan#3.
20:36:05 INFO  : Hardware specification for platform project 'mb_usb_hdmi_top' is updated.
20:36:21 INFO  : Result from executing command 'getProjects': mb_usb_hdmi_top
20:36:21 INFO  : Result from executing command 'getPlatforms': mb_usb_hdmi_top|C:/Users/merli/ECE385Final/ECE385Final/ECE385FinalVitus/mb_usb_hdmi_top/export/mb_usb_hdmi_top/mb_usb_hdmi_top.xpfm
20:36:21 INFO  : Checking for BSP changes to sync application flags for project 'ECE385FinalVitus'...
20:36:24 INFO  : The hardware specification used by project 'ECE385FinalVitus' is out of sync with the platform. Resource files extracted from the hardware specification will be updated.
20:36:24 INFO  : The file 'C:\Users\merli\ECE385Final\ECE385Final\ECE385FinalVitus\ECE385FinalVitus\_ide\bitstream\mb_usb_hdmi_top.bit' stored in project is removed.
20:36:24 INFO  : The file 'C:\Users\merli\ECE385Final\ECE385Final\ECE385FinalVitus\ECE385FinalVitus\_ide\bitstream\mb_usb_hdmi_top.mmi' stored in project is removed.
20:36:24 INFO  : The updated bitstream files are copied from platform to folder 'C:\Users\merli\ECE385Final\ECE385Final\ECE385FinalVitus\ECE385FinalVitus\_ide\bitstream' in project 'ECE385FinalVitus'.
20:36:29 INFO  : Connected to target on host '127.0.0.1' and port '3121'.
20:36:30 INFO  : Jtag cable 'RealDigital Boo 887429230015A' is selected.
20:36:30 INFO  : 'jtag frequency' command is executed.
20:36:30 INFO  : 'targets -set -filter {jtag_cable_name =~ "RealDigital Boo 887429230015A" && level==0 && jtag_device_ctx=="jsn1-0362f093-0"}' command is executed.
20:36:31 INFO  : Device configured successfully with "C:/Users/merli/ECE385Final/ECE385Final/ECE385FinalVitus/ECE385FinalVitus/_ide/bitstream/mb_usb_hdmi_top.bit"
20:36:31 INFO  : Context for processor 'microblaze_0' is selected.
20:36:31 INFO  : Hardware design and registers information is loaded from 'C:/Users/merli/ECE385Final/ECE385Final/ECE385FinalVitus/mb_usb_hdmi_top/export/mb_usb_hdmi_top/hw/mb_usb_hdmi_top.xsa'.
20:36:31 INFO  : 'configparams mdm-detect-bscan-mask 2' command is executed.
20:36:31 INFO  : Context for processor 'microblaze_0' is selected.
20:36:31 INFO  : System reset is completed.
20:36:34 INFO  : 'after 3000' command is executed.
20:36:34 INFO  : Context for processor 'microblaze_0' is selected.
20:36:35 INFO  : The application 'C:/Users/merli/ECE385Final/ECE385Final/ECE385FinalVitus/ECE385FinalVitus/Debug/ECE385FinalVitus.elf' is downloaded to processor 'microblaze_0'.
20:36:35 INFO  : ----------------XSDB Script----------------
connect -url tcp:127.0.0.1:3121
targets -set -filter {jtag_cable_name =~ "RealDigital Boo 887429230015A" && level==0 && jtag_device_ctx=="jsn1-0362f093-0"}
fpga -file C:/Users/merli/ECE385Final/ECE385Final/ECE385FinalVitus/ECE385FinalVitus/_ide/bitstream/mb_usb_hdmi_top.bit
targets -set -nocase -filter {name =~ "*microblaze*#0" && bscan=="USER2" }
loadhw -hw C:/Users/merli/ECE385Final/ECE385Final/ECE385FinalVitus/mb_usb_hdmi_top/export/mb_usb_hdmi_top/hw/mb_usb_hdmi_top.xsa -regs
configparams mdm-detect-bscan-mask 2
targets -set -nocase -filter {name =~ "*microblaze*#0" && bscan=="USER2" }
rst -system
after 3000
targets -set -nocase -filter {name =~ "*microblaze*#0" && bscan=="USER2" }
dow C:/Users/merli/ECE385Final/ECE385Final/ECE385FinalVitus/ECE385FinalVitus/Debug/ECE385FinalVitus.elf
----------------End of Script----------------

20:36:35 INFO  : Context for processor 'microblaze_0' is selected.
20:36:35 INFO  : 'con' command is executed.
20:36:35 INFO  : ----------------XSDB Script (After Launch)----------------
targets -set -nocase -filter {name =~ "*microblaze*#0" && bscan=="USER2" }
con
----------------End of Script----------------

20:36:35 INFO  : Disconnected from the channel tcfchan#5.
12:15:00 INFO  : Hardware specification for platform project 'mb_usb_hdmi_top' is updated.
12:15:11 INFO  : Result from executing command 'removePlatformRepo': 
12:15:20 INFO  : Result from executing command 'getProjects': mb_usb_hdmi_top
12:15:20 INFO  : Result from executing command 'getPlatforms': 
12:15:20 INFO  : Checking for BSP changes to sync application flags for project 'ECE385FinalVitus'...
12:15:23 INFO  : The hardware specification used by project 'ECE385FinalVitus' is out of sync with the platform. Resource files extracted from the hardware specification will be updated.
12:15:23 INFO  : The file 'C:\Users\merli\ECE385Final\ECE385Final\ECE385FinalVitus\ECE385FinalVitus\_ide\bitstream\mb_usb_hdmi_top.bit' stored in project is removed.
12:15:23 INFO  : The file 'C:\Users\merli\ECE385Final\ECE385Final\ECE385FinalVitus\ECE385FinalVitus\_ide\bitstream\mb_usb_hdmi_top.mmi' stored in project is removed.
12:15:23 INFO  : The updated bitstream files are copied from platform to folder 'C:\Users\merli\ECE385Final\ECE385Final\ECE385FinalVitus\ECE385FinalVitus\_ide\bitstream' in project 'ECE385FinalVitus'.
12:15:28 INFO  : Connected to target on host '127.0.0.1' and port '3121'.
12:15:29 INFO  : Jtag cable 'RealDigital Boo 887429230015A' is selected.
12:15:29 INFO  : 'jtag frequency' command is executed.
12:15:29 INFO  : 'targets -set -filter {jtag_cable_name =~ "RealDigital Boo 887429230015A" && level==0 && jtag_device_ctx=="jsn1-0362f093-0"}' command is executed.
12:15:30 INFO  : Device configured successfully with "C:/Users/merli/ECE385Final/ECE385Final/ECE385FinalVitus/ECE385FinalVitus/_ide/bitstream/mb_usb_hdmi_top.bit"
12:15:30 INFO  : Context for processor 'microblaze_0' is selected.
12:15:30 INFO  : Hardware design and registers information is loaded from 'C:/Users/merli/ECE385Final/ECE385Final/ECE385FinalVitus/mb_usb_hdmi_top/export/mb_usb_hdmi_top/hw/mb_usb_hdmi_top.xsa'.
12:15:30 INFO  : 'configparams mdm-detect-bscan-mask 2' command is executed.
12:15:30 INFO  : Context for processor 'microblaze_0' is selected.
12:15:30 INFO  : System reset is completed.
12:15:33 INFO  : 'after 3000' command is executed.
12:15:33 INFO  : Context for processor 'microblaze_0' is selected.
12:15:34 INFO  : The application 'C:/Users/merli/ECE385Final/ECE385Final/ECE385FinalVitus/ECE385FinalVitus/Debug/ECE385FinalVitus.elf' is downloaded to processor 'microblaze_0'.
12:15:34 INFO  : ----------------XSDB Script----------------
connect -url tcp:127.0.0.1:3121
targets -set -filter {jtag_cable_name =~ "RealDigital Boo 887429230015A" && level==0 && jtag_device_ctx=="jsn1-0362f093-0"}
fpga -file C:/Users/merli/ECE385Final/ECE385Final/ECE385FinalVitus/ECE385FinalVitus/_ide/bitstream/mb_usb_hdmi_top.bit
targets -set -nocase -filter {name =~ "*microblaze*#0" && bscan=="USER2" }
loadhw -hw C:/Users/merli/ECE385Final/ECE385Final/ECE385FinalVitus/mb_usb_hdmi_top/export/mb_usb_hdmi_top/hw/mb_usb_hdmi_top.xsa -regs
configparams mdm-detect-bscan-mask 2
targets -set -nocase -filter {name =~ "*microblaze*#0" && bscan=="USER2" }
rst -system
after 3000
targets -set -nocase -filter {name =~ "*microblaze*#0" && bscan=="USER2" }
dow C:/Users/merli/ECE385Final/ECE385Final/ECE385FinalVitus/ECE385FinalVitus/Debug/ECE385FinalVitus.elf
----------------End of Script----------------

12:15:34 INFO  : Context for processor 'microblaze_0' is selected.
12:15:34 INFO  : 'con' command is executed.
12:15:34 INFO  : ----------------XSDB Script (After Launch)----------------
targets -set -nocase -filter {name =~ "*microblaze*#0" && bscan=="USER2" }
con
----------------End of Script----------------

12:15:34 INFO  : Disconnected from the channel tcfchan#8.
20:10:43 INFO  : Hardware specification for platform project 'mb_usb_hdmi_top' is updated.
20:11:04 INFO  : Result from executing command 'getProjects': mb_usb_hdmi_top
20:11:04 INFO  : Result from executing command 'getPlatforms': mb_usb_hdmi_top|C:/Users/merli/ECE385Final/ECE385Final/ECE385FinalVitus/mb_usb_hdmi_top/export/mb_usb_hdmi_top/mb_usb_hdmi_top.xpfm
20:11:04 INFO  : Checking for BSP changes to sync application flags for project 'ECE385FinalVitus'...
20:11:08 INFO  : The hardware specification used by project 'ECE385FinalVitus' is out of sync with the platform. Resource files extracted from the hardware specification will be updated.
20:11:08 INFO  : The file 'C:\Users\merli\ECE385Final\ECE385Final\ECE385FinalVitus\ECE385FinalVitus\_ide\bitstream\mb_usb_hdmi_top.bit' stored in project is removed.
20:11:08 INFO  : The file 'C:\Users\merli\ECE385Final\ECE385Final\ECE385FinalVitus\ECE385FinalVitus\_ide\bitstream\mb_usb_hdmi_top.mmi' stored in project is removed.
20:11:08 INFO  : The updated bitstream files are copied from platform to folder 'C:\Users\merli\ECE385Final\ECE385Final\ECE385FinalVitus\ECE385FinalVitus\_ide\bitstream' in project 'ECE385FinalVitus'.
20:11:14 INFO  : Connected to target on host '127.0.0.1' and port '3121'.
20:11:14 INFO  : Jtag cable 'RealDigital Boo 887429230015A' is selected.
20:11:15 INFO  : 'jtag frequency' command is executed.
20:11:15 INFO  : 'targets -set -filter {jtag_cable_name =~ "RealDigital Boo 887429230015A" && level==0 && jtag_device_ctx=="jsn1-0362f093-0"}' command is executed.
20:11:16 INFO  : Device configured successfully with "C:/Users/merli/ECE385Final/ECE385Final/ECE385FinalVitus/ECE385FinalVitus/_ide/bitstream/mb_usb_hdmi_top.bit"
20:11:16 INFO  : Context for processor 'microblaze_0' is selected.
20:11:16 INFO  : Hardware design and registers information is loaded from 'C:/Users/merli/ECE385Final/ECE385Final/ECE385FinalVitus/mb_usb_hdmi_top/export/mb_usb_hdmi_top/hw/mb_usb_hdmi_top.xsa'.
20:11:16 INFO  : 'configparams mdm-detect-bscan-mask 2' command is executed.
20:11:16 INFO  : Context for processor 'microblaze_0' is selected.
20:11:16 INFO  : System reset is completed.
20:11:19 INFO  : 'after 3000' command is executed.
20:11:19 INFO  : Context for processor 'microblaze_0' is selected.
20:11:20 INFO  : The application 'C:/Users/merli/ECE385Final/ECE385Final/ECE385FinalVitus/ECE385FinalVitus/Debug/ECE385FinalVitus.elf' is downloaded to processor 'microblaze_0'.
20:11:20 INFO  : ----------------XSDB Script----------------
connect -url tcp:127.0.0.1:3121
targets -set -filter {jtag_cable_name =~ "RealDigital Boo 887429230015A" && level==0 && jtag_device_ctx=="jsn1-0362f093-0"}
fpga -file C:/Users/merli/ECE385Final/ECE385Final/ECE385FinalVitus/ECE385FinalVitus/_ide/bitstream/mb_usb_hdmi_top.bit
targets -set -nocase -filter {name =~ "*microblaze*#0" && bscan=="USER2" }
loadhw -hw C:/Users/merli/ECE385Final/ECE385Final/ECE385FinalVitus/mb_usb_hdmi_top/export/mb_usb_hdmi_top/hw/mb_usb_hdmi_top.xsa -regs
configparams mdm-detect-bscan-mask 2
targets -set -nocase -filter {name =~ "*microblaze*#0" && bscan=="USER2" }
rst -system
after 3000
targets -set -nocase -filter {name =~ "*microblaze*#0" && bscan=="USER2" }
dow C:/Users/merli/ECE385Final/ECE385Final/ECE385FinalVitus/ECE385FinalVitus/Debug/ECE385FinalVitus.elf
----------------End of Script----------------

20:11:20 INFO  : Context for processor 'microblaze_0' is selected.
20:11:20 INFO  : 'con' command is executed.
20:11:20 INFO  : ----------------XSDB Script (After Launch)----------------
targets -set -nocase -filter {name =~ "*microblaze*#0" && bscan=="USER2" }
con
----------------End of Script----------------

20:11:20 INFO  : Disconnected from the channel tcfchan#10.
