
*** Running vivado
    with args -log mb_block_dlmb_v10_2.vds -m64 -product Vivado -mode batch -messageDb vivado.pb -notrace -source mb_block_dlmb_v10_2.tcl



****** Vivado v2022.2 (64-bit)
  **** SW Build 3671981 on Fri Oct 14 05:00:03 MDT 2022
  **** IP Build 3669848 on Fri Oct 14 08:30:02 MDT 2022
    ** Copyright 1986-2022 Xilinx, Inc. All Rights Reserved.

source mb_block_dlmb_v10_2.tcl -notrace
create_project: Time (s): cpu = 00:00:06 ; elapsed = 00:00:07 . Memory (MB): peak = 373.297 ; gain = 65.664
INFO: [IP_Flow 19-234] Refreshing IP repositories
INFO: [IP_Flow 19-1700] Loaded user IP repository 'c:/Users/merli/RD_hdmi_ip2020/hdmi_tx_1.0'.
INFO: [IP_Flow 19-2313] Loaded Vivado IP repository 'C:/Xilinx/Vivado/2022.2/data/ip'.
INFO: [IP_Flow 19-6924] IPCACHE: Running cache check for IP inst: mb_block_dlmb_v10_2
INFO: [IP_Flow 19-6922] IPCACHE: Exporting cached entry 8b859a7611e3417d to dir: C:/Users/merli/ECE385Final/ECE385Final/ECE385Final.runs/mb_block_dlmb_v10_2_synth_1
INFO: [IP_Flow 19-6928] IPCACHE: copied cached file c:/Users/merli/ECE385Final/ECE385Final/ECE385Final.cache/ip/2022.2/8/b/8b859a7611e3417d/mb_block_ilmb_v10_2.dcp to C:/Users/merli/ECE385Final/ECE385Final/ECE385Final.runs/mb_block_dlmb_v10_2_synth_1/mb_block_dlmb_v10_2.dcp.
INFO: [IP_Flow 19-6928] IPCACHE: copied cached file c:/Users/merli/ECE385Final/ECE385Final/ECE385Final.cache/ip/2022.2/8/b/8b859a7611e3417d/mb_block_ilmb_v10_2_sim_netlist.v to C:/Users/merli/ECE385Final/ECE385Final/ECE385Final.runs/mb_block_dlmb_v10_2_synth_1/mb_block_dlmb_v10_2_sim_netlist.v.
INFO: [IP_Flow 19-6928] IPCACHE: copied cached file c:/Users/merli/ECE385Final/ECE385Final/ECE385Final.cache/ip/2022.2/8/b/8b859a7611e3417d/mb_block_ilmb_v10_2_sim_netlist.vhdl to C:/Users/merli/ECE385Final/ECE385Final/ECE385Final.runs/mb_block_dlmb_v10_2_synth_1/mb_block_dlmb_v10_2_sim_netlist.vhdl.
INFO: [IP_Flow 19-6928] IPCACHE: copied cached file c:/Users/merli/ECE385Final/ECE385Final/ECE385Final.cache/ip/2022.2/8/b/8b859a7611e3417d/mb_block_ilmb_v10_2_stub.v to C:/Users/merli/ECE385Final/ECE385Final/ECE385Final.runs/mb_block_dlmb_v10_2_synth_1/mb_block_dlmb_v10_2_stub.v.
INFO: [IP_Flow 19-6928] IPCACHE: copied cached file c:/Users/merli/ECE385Final/ECE385Final/ECE385Final.cache/ip/2022.2/8/b/8b859a7611e3417d/mb_block_ilmb_v10_2_stub.vhdl to C:/Users/merli/ECE385Final/ECE385Final/ECE385Final.runs/mb_block_dlmb_v10_2_synth_1/mb_block_dlmb_v10_2_stub.vhdl.
INFO: [IP_Flow 19-4838] Using cached IP synthesis design for IP mb_block_dlmb_v10_2, cache-ID = 8b859a7611e3417d.
INFO: [Common 17-206] Exiting Vivado at Thu Apr 11 14:48:06 2024...
