INFO: [VRFC 10-2263] Analyzing Verilog file "C:/Users/merli/ECE385Final/ECE385Final/ECE385Final.gen/sources_1/ip/titleScreen/sim/titleScreen.v" into library xil_defaultlib
INFO: [VRFC 10-311] analyzing module titleScreen
INFO: [VRFC 10-2263] Analyzing Verilog file "C:/Users/merli/ECE385Final/ECE385Final/ECE385Final.gen/sources_1/ip/orange_rom/sim/orange_rom.v" into library xil_defaultlib
INFO: [VRFC 10-311] analyzing module orange_rom
INFO: [VRFC 10-2263] Analyzing Verilog file "C:/Users/merli/ECE385Final/ECE385Final/ECE385Final.gen/sources_1/ip/blue_rom/sim/blue_rom.v" into library xil_defaultlib
INFO: [VRFC 10-311] analyzing module blue_rom
INFO: [VRFC 10-2263] Analyzing Verilog file "C:/Users/merli/ECE385Final/ECE385Final/ECE385Final.gen/sources_1/ip/yellow_rom/sim/yellow_rom.v" into library xil_defaultlib
INFO: [VRFC 10-311] analyzing module yellow_rom
INFO: [VRFC 10-2263] Analyzing Verilog file "C:/Users/merli/ECE385Final/ECE385Final/ECE385Final.gen/sources_1/ip/red_rom/sim/red_rom.v" into library xil_defaultlib
INFO: [VRFC 10-311] analyzing module red_rom
INFO: [VRFC 10-2263] Analyzing Verilog file "C:/Users/merli/ECE385Final/ECE385Final/ECE385Final.gen/sources_1/ip/green_rom/sim/green_rom.v" into library xil_defaultlib
INFO: [VRFC 10-311] analyzing module green_rom
INFO: [VRFC 10-2263] Analyzing Verilog file "C:/Users/merli/ECE385Final/ECE385Final/ECE385Final.gen/sources_1/ip/fretboard_rom/sim/fretboard_rom.v" into library xil_defaultlib
INFO: [VRFC 10-311] analyzing module fretboard_rom
INFO: [VRFC 10-2263] Analyzing Verilog file "C:/Users/merli/ECE385Final/ECE385Final/ECE385Final.gen/sources_1/ip/vaporwave_rom/sim/vaporwave_rom.v" into library xil_defaultlib
INFO: [VRFC 10-311] analyzing module vaporwave_rom
INFO: [VRFC 10-2263] Analyzing SystemVerilog file "C:/Users/merli/ECE385Final/ECE385Final/ECE385Final.srcs/sources_1/imports/design_source/VGA_controller.sv" into library xil_defaultlib
INFO: [VRFC 10-311] analyzing module vga_controller
INFO: [VRFC 10-2263] Analyzing SystemVerilog file "C:/Users/merli/ECE385Final/ECE385Final/ECE385Final.srcs/sources_1/imports/Image_to_COE/blueNote/blueNote_palette.sv" into library xil_defaultlib
INFO: [VRFC 10-311] analyzing module blueNote_palette
INFO: [VRFC 10-2263] Analyzing SystemVerilog file "C:/Users/merli/ECE385Final/ECE385Final/ECE385Final.srcs/sources_1/new/color_mapper.sv" into library xil_defaultlib
INFO: [VRFC 10-311] analyzing module color_mapper
INFO: [VRFC 10-2263] Analyzing SystemVerilog file "C:/Users/merli/ECE385Final/ECE385Final/ECE385Final.srcs/sources_1/imports/Image_to_COE/fretboard/fretboard_palette.sv" into library xil_defaultlib
INFO: [VRFC 10-311] analyzing module fretboard_palette
INFO: [VRFC 10-2263] Analyzing SystemVerilog file "C:/Users/merli/ECE385Final/ECE385Final/ECE385Final.srcs/sources_1/imports/Image_to_COE/greenNote/greenNote_palette.sv" into library xil_defaultlib
INFO: [VRFC 10-311] analyzing module greenNote_palette
INFO: [VRFC 10-2263] Analyzing SystemVerilog file "C:/Users/merli/ECE385Final/ECE385Final/ECE385Final.srcs/sources_1/new/notes.sv" into library xil_defaultlib
INFO: [VRFC 10-311] analyzing module notes
INFO: [VRFC 10-2263] Analyzing SystemVerilog file "C:/Users/merli/ECE385Final/ECE385Final/ECE385Final.srcs/sources_1/new/notes_rom.sv" into library xil_defaultlib
INFO: [VRFC 10-311] analyzing module notes_rom
INFO: [VRFC 10-2263] Analyzing SystemVerilog file "C:/Users/merli/ECE385Final/ECE385Final/ECE385Final.srcs/sources_1/imports/Image_to_COE/orangeNote/orangeNote_palette.sv" into library xil_defaultlib
INFO: [VRFC 10-311] analyzing module orangeNote_palette
INFO: [VRFC 10-2263] Analyzing SystemVerilog file "C:/Users/merli/ECE385Final/ECE385Final/ECE385Final.srcs/sources_1/imports/Image_to_COE/redNote/redNote_palette.sv" into library xil_defaultlib
INFO: [VRFC 10-311] analyzing module redNote_palette
INFO: [VRFC 10-2263] Analyzing SystemVerilog file "C:/Users/merli/ECE385Final/ECE385Final/ECE385Final.srcs/sources_1/imports/titleScreen/titleScreen_palette.sv" into library xil_defaultlib
INFO: [VRFC 10-311] analyzing module titleScreen_palette
INFO: [VRFC 10-2263] Analyzing SystemVerilog file "C:/Users/merli/ECE385Final/ECE385Final/ECE385Final.srcs/sources_1/imports/Image_to_COE/vaporwave/vaporwave_palette.sv" into library xil_defaultlib
INFO: [VRFC 10-311] analyzing module vaporwave_palette
INFO: [VRFC 10-2263] Analyzing SystemVerilog file "C:/Users/merli/ECE385Final/ECE385Final/ECE385Final.srcs/sources_1/imports/Image_to_COE/yellowNote/yellowNote_palette.sv" into library xil_defaultlib
INFO: [VRFC 10-311] analyzing module yellowNote_palette
INFO: [VRFC 10-2263] Analyzing SystemVerilog file "C:/Users/merli/ECE385Final/ECE385Final/ECE385Final.srcs/sim_1/new/testbench.sv" into library xil_defaultlib
INFO: [VRFC 10-311] analyzing module testbench
INFO: [VRFC 10-2263] Analyzing Verilog file "C:/Users/merli/ECE385Final/ECE385Final/ECE385Final.sim/sim_1/behav/xsim/glbl.v" into library xil_defaultlib
INFO: [VRFC 10-311] analyzing module glbl
